<?xml version="1.0" encoding="UTF-8"?>
<testsuite xmlns:xsi="http://www.w3.org/2001/XMLSchema-instance" xsi:noNamespaceSchemaLocation="https://maven.apache.org/surefire/maven-surefire-plugin/xsd/surefire-test-report-3.0.xsd" version="3.0" name="runner.RunCucumberTest" time="24.902" tests="25" errors="0" skipped="0" failures="0">
  <properties>
[...]
</properties>
  <testcase name="Dado que estou na tela de login" classname="Cenario: Login com sucesso" time="0.001">
    <system-err><![CDATA[Starting ChromeDriver 119.0.6045.105 (38c72552c5e15ba9b3117c0967a0fd105072d7c6-refs/branch-heads/6045@{#1103}) on port 34549
Only local connections are allowed.
Please see https://chromedriver.chromium.org/security-considerations for suggestions on keeping ChromeDriver safe.
ChromeDriver was started successfully.
[1705321113.723][WARNING]: This version of ChromeDriver has not been tested with Chrome version 120.
jan 15, 2024 9:18:33 AM org.openqa.selenium.remote.ProtocolHandshake createSession
INFORMAÇÕES: Detected dialect: W3C
]]></system-err>
  </testcase>
  <testcase name="Quando preencho login &quot;henrique.calazans@test.com&quot; e senha &quot;123456&quot;" classname="Cenario: Login com sucesso" time="0"/>
  <testcase name="E clico em Login" classname="Cenario: Login com sucesso" time="0"/>
  <testcase name="Então vejo a mensagem &quot;Login realizado&quot; com sucesso" classname="Cenario: Login com sucesso" time="0"/>
  <testcase name="" classname="Cenario: Login com sucesso" time="0.001"/>
  <testcase name="Dado que estou na tela de login" classname="| a.com | 123456 | E-mail inválido. |" time="0">
    <system-err><![CDATA[Starting ChromeDriver 119.0.6045.105 (38c72552c5e15ba9b3117c0967a0fd105072d7c6-refs/branch-heads/6045@{#1103}) on port 25650
Only local connections are allowed.
Please see https://chromedriver.chromium.org/security-considerations for suggestions on keeping ChromeDriver safe.
ChromeDriver was started successfully.
[1705321120.719][WARNING]: This version of ChromeDriver has not been tested with Chrome version 120.
jan 15, 2024 9:18:40 AM org.openqa.selenium.remote.ProtocolHandshake createSession
INFORMAÇÕES: Detected dialect: W3C
]]></system-err>
  </testcase>
  <testcase name="Quando preencho login &quot;a.com&quot; e senha &quot;123456&quot;" classname="| a.com | 123456 | E-mail inválido. |" time="0"/>
  <testcase name="E clico em Login" classname="| a.com | 123456 | E-mail inválido. |" time="0"/>
  <testcase name="Então vejo a mensagem de email &quot;E-mail inválido.&quot;" classname="| a.com | 123456 | E-mail inválido. |" time="0"/>
  <testcase name="" classname="| a.com | 123456 | E-mail inválido. |" time="0"/>
  <testcase name="Dado que estou na tela de login" classname="| 1.com | 123456 | E-mail inválido. |" time="0">
    <system-err><![CDATA[Starting ChromeDriver 119.0.6045.105 (38c72552c5e15ba9b3117c0967a0fd105072d7c6-refs/branch-heads/6045@{#1103}) on port 28495
Only local connections are allowed.
Please see https://chromedriver.chromium.org/security-considerations for suggestions on keeping ChromeDriver safe.
ChromeDriver was started successfully.
[1705321125.045][WARNING]: This version of ChromeDriver has not been tested with Chrome version 120.
jan 15, 2024 9:18:45 AM org.openqa.selenium.remote.ProtocolHandshake createSession
INFORMAÇÕES: Detected dialect: W3C
]]></system-err>
  </testcase>
  <testcase name="Quando preencho login &quot;1.com&quot; e senha &quot;123456&quot;" classname="| 1.com | 123456 | E-mail inválido. |" time="0"/>
  <testcase name="E clico em Login" classname="| 1.com | 123456 | E-mail inválido. |" time="0"/>
  <testcase name="Então vejo a mensagem de email &quot;E-mail inválido.&quot;" classname="| 1.com | 123456 | E-mail inválido. |" time="0"/>
  <testcase name="" classname="| 1.com | 123456 | E-mail inválido. |" time="0"/>
  <testcase name="Dado que estou na tela de login" classname="| 1@.com | 123456 | E-mail inválido. |" time="0">
    <system-err><![CDATA[Starting ChromeDriver 119.0.6045.105 (38c72552c5e15ba9b3117c0967a0fd105072d7c6-refs/branch-heads/6045@{#1103}) on port 53957
Only local connections are allowed.
Please see https://chromedriver.chromium.org/security-considerations for suggestions on keeping ChromeDriver safe.
ChromeDriver was started successfully.
[1705321129.329][WARNING]: This version of ChromeDriver has not been tested with Chrome version 120.
jan 15, 2024 9:18:49 AM org.openqa.selenium.remote.ProtocolHandshake createSession
INFORMAÇÕES: Detected dialect: W3C
]]></system-err>
  </testcase>
  <testcase name="Quando preencho login &quot;1@.com&quot; e senha &quot;123456&quot;" classname="| 1@.com | 123456 | E-mail inválido. |" time="0"/>
  <testcase name="E clico em Login" classname="| 1@.com | 123456 | E-mail inválido. |" time="0"/>
  <testcase name="Então vejo a mensagem de email &quot;E-mail inválido.&quot;" classname="| 1@.com | 123456 | E-mail inválido. |" time="0"/>
  <testcase name="" classname="| 1@.com | 123456 | E-mail inválido. |" time="0"/>
  <testcase name="Dado que estou na tela de login" classname="| 1@a | 123456 | E-mail inválido. |" time="0">
    <system-err><![CDATA[Starting ChromeDriver 119.0.6045.105 (38c72552c5e15ba9b3117c0967a0fd105072d7c6-refs/branch-heads/6045@{#1103}) on port 20234
Only local connections are allowed.
Please see https://chromedriver.chromium.org/security-considerations for suggestions on keeping ChromeDriver safe.
ChromeDriver was started successfully.
[1705321133.508][WARNING]: This version of ChromeDriver has not been tested with Chrome version 120.
jan 15, 2024 9:18:53 AM org.openqa.selenium.remote.ProtocolHandshake createSession
INFORMAÇÕES: Detected dialect: W3C
]]></system-err>
  </testcase>
  <testcase name="Quando preencho login &quot;1@a&quot; e senha &quot;123456&quot;" classname="| 1@a | 123456 | E-mail inválido. |" time="0"/>
  <testcase name="E clico em Login" classname="| 1@a | 123456 | E-mail inválido. |" time="0"/>
  <testcase name="Então vejo a mensagem de email &quot;E-mail inválido.&quot;" classname="| 1@a | 123456 | E-mail inválido. |" time="0"/>
  <testcase name="" classname="| 1@a | 123456 | E-mail inválido. |" time="0"/>
</testsuite>